{"/Users/samueljmillward/Documents/GitHub/Reptile/src/reptile.js": {"path":"/Users/samueljmillward/Documents/GitHub/Reptile/src/reptile.js","statementMap":{"0":{"start":{"line":1,"column":24},"end":{"line":1,"column":26}},"1":{"start":{"line":2,"column":23},"end":{"line":2,"column":24}},"2":{"start":{"line":3,"column":25},"end":{"line":3,"column":26}},"3":{"start":{"line":4,"column":25},"end":{"line":4,"column":28}},"4":{"start":{"line":7,"column":4},"end":{"line":7,"column":27}},"5":{"start":{"line":8,"column":4},"end":{"line":8,"column":17}},"6":{"start":{"line":9,"column":4},"end":{"line":9,"column":33}},"7":{"start":{"line":10,"column":4},"end":{"line":10,"column":35}},"8":{"start":{"line":11,"column":4},"end":{"line":11,"column":23}},"9":{"start":{"line":14,"column":0},"end":{"line":16,"column":1}},"10":{"start":{"line":15,"column":4},"end":{"line":15,"column":88}},"11":{"start":{"line":18,"column":0},"end":{"line":25,"column":2}},"12":{"start":{"line":19,"column":4},"end":{"line":21,"column":5}},"13":{"start":{"line":20,"column":8},"end":{"line":20,"column":61}},"14":{"start":{"line":22,"column":4},"end":{"line":22,"column":18}},"15":{"start":{"line":23,"column":4},"end":{"line":23,"column":22}},"16":{"start":{"line":24,"column":4},"end":{"line":24,"column":21}},"17":{"start":{"line":27,"column":0},"end":{"line":39,"column":2}},"18":{"start":{"line":28,"column":4},"end":{"line":30,"column":5}},"19":{"start":{"line":29,"column":8},"end":{"line":29,"column":61}},"20":{"start":{"line":31,"column":4},"end":{"line":35,"column":5}},"21":{"start":{"line":32,"column":8},"end":{"line":32,"column":26}},"22":{"start":{"line":34,"column":8},"end":{"line":34,"column":39}},"23":{"start":{"line":36,"column":4},"end":{"line":38,"column":5}},"24":{"start":{"line":37,"column":8},"end":{"line":37,"column":28}},"25":{"start":{"line":41,"column":0},"end":{"line":50,"column":2}},"26":{"start":{"line":42,"column":4},"end":{"line":44,"column":5}},"27":{"start":{"line":43,"column":8},"end":{"line":43,"column":61}},"28":{"start":{"line":45,"column":4},"end":{"line":45,"column":21}},"29":{"start":{"line":46,"column":4},"end":{"line":48,"column":5}},"30":{"start":{"line":47,"column":8},"end":{"line":47,"column":36}},"31":{"start":{"line":49,"column":4},"end":{"line":49,"column":24}},"32":{"start":{"line":52,"column":0},"end":{"line":63,"column":2}},"33":{"start":{"line":53,"column":4},"end":{"line":55,"column":5}},"34":{"start":{"line":54,"column":8},"end":{"line":54,"column":61}},"35":{"start":{"line":56,"column":4},"end":{"line":56,"column":24}},"36":{"start":{"line":57,"column":4},"end":{"line":59,"column":5}},"37":{"start":{"line":58,"column":8},"end":{"line":58,"column":41}},"38":{"start":{"line":60,"column":4},"end":{"line":62,"column":5}},"39":{"start":{"line":61,"column":8},"end":{"line":61,"column":41}},"40":{"start":{"line":65,"column":0},"end":{"line":83,"column":2}},"41":{"start":{"line":66,"column":4},"end":{"line":68,"column":5}},"42":{"start":{"line":67,"column":8},"end":{"line":67,"column":36}},"43":{"start":{"line":69,"column":4},"end":{"line":71,"column":5}},"44":{"start":{"line":70,"column":8},"end":{"line":70,"column":29}},"45":{"start":{"line":72,"column":4},"end":{"line":74,"column":5}},"46":{"start":{"line":73,"column":8},"end":{"line":73,"column":29}},"47":{"start":{"line":75,"column":4},"end":{"line":77,"column":5}},"48":{"start":{"line":76,"column":8},"end":{"line":76,"column":54}},"49":{"start":{"line":78,"column":4},"end":{"line":82,"column":5}},"50":{"start":{"line":79,"column":8},"end":{"line":79,"column":54}},"51":{"start":{"line":81,"column":8},"end":{"line":81,"column":66}},"52":{"start":{"line":85,"column":0},"end":{"line":85,"column":25}}},"fnMap":{"0":{"name":"Reptile","decl":{"start":{"line":6,"column":9},"end":{"line":6,"column":16}},"loc":{"start":{"line":6,"column":26},"end":{"line":12,"column":1}},"line":6},"1":{"name":"(anonymous_1)","decl":{"start":{"line":14,"column":28},"end":{"line":14,"column":29}},"loc":{"start":{"line":14,"column":40},"end":{"line":16,"column":1}},"line":14},"2":{"name":"(anonymous_2)","decl":{"start":{"line":18,"column":27},"end":{"line":18,"column":28}},"loc":{"start":{"line":18,"column":39},"end":{"line":25,"column":1}},"line":18},"3":{"name":"(anonymous_3)","decl":{"start":{"line":27,"column":25},"end":{"line":27,"column":26}},"loc":{"start":{"line":27,"column":37},"end":{"line":39,"column":1}},"line":27},"4":{"name":"(anonymous_4)","decl":{"start":{"line":41,"column":25},"end":{"line":41,"column":26}},"loc":{"start":{"line":41,"column":37},"end":{"line":50,"column":1}},"line":41},"5":{"name":"(anonymous_5)","decl":{"start":{"line":52,"column":25},"end":{"line":52,"column":26}},"loc":{"start":{"line":52,"column":37},"end":{"line":63,"column":1}},"line":52},"6":{"name":"(anonymous_6)","decl":{"start":{"line":65,"column":33},"end":{"line":65,"column":34}},"loc":{"start":{"line":65,"column":45},"end":{"line":83,"column":1}},"line":65}},"branchMap":{"0":{"loc":{"start":{"line":15,"column":11},"end":{"line":15,"column":87}},"type":"binary-expr","locations":[{"start":{"line":15,"column":11},"end":{"line":15,"column":24}},{"start":{"line":15,"column":28},"end":{"line":15,"column":44}},{"start":{"line":15,"column":48},"end":{"line":15,"column":64}},{"start":{"line":15,"column":68},"end":{"line":15,"column":87}}],"line":15},"1":{"loc":{"start":{"line":19,"column":4},"end":{"line":21,"column":5}},"type":"if","locations":[{"start":{"line":19,"column":4},"end":{"line":21,"column":5}},{"start":{"line":19,"column":4},"end":{"line":21,"column":5}}],"line":19},"2":{"loc":{"start":{"line":28,"column":4},"end":{"line":30,"column":5}},"type":"if","locations":[{"start":{"line":28,"column":4},"end":{"line":30,"column":5}},{"start":{"line":28,"column":4},"end":{"line":30,"column":5}}],"line":28},"3":{"loc":{"start":{"line":31,"column":4},"end":{"line":35,"column":5}},"type":"if","locations":[{"start":{"line":31,"column":4},"end":{"line":35,"column":5}},{"start":{"line":31,"column":4},"end":{"line":35,"column":5}}],"line":31},"4":{"loc":{"start":{"line":36,"column":4},"end":{"line":38,"column":5}},"type":"if","locations":[{"start":{"line":36,"column":4},"end":{"line":38,"column":5}},{"start":{"line":36,"column":4},"end":{"line":38,"column":5}}],"line":36},"5":{"loc":{"start":{"line":42,"column":4},"end":{"line":44,"column":5}},"type":"if","locations":[{"start":{"line":42,"column":4},"end":{"line":44,"column":5}},{"start":{"line":42,"column":4},"end":{"line":44,"column":5}}],"line":42},"6":{"loc":{"start":{"line":46,"column":4},"end":{"line":48,"column":5}},"type":"if","locations":[{"start":{"line":46,"column":4},"end":{"line":48,"column":5}},{"start":{"line":46,"column":4},"end":{"line":48,"column":5}}],"line":46},"7":{"loc":{"start":{"line":53,"column":4},"end":{"line":55,"column":5}},"type":"if","locations":[{"start":{"line":53,"column":4},"end":{"line":55,"column":5}},{"start":{"line":53,"column":4},"end":{"line":55,"column":5}}],"line":53},"8":{"loc":{"start":{"line":57,"column":4},"end":{"line":59,"column":5}},"type":"if","locations":[{"start":{"line":57,"column":4},"end":{"line":59,"column":5}},{"start":{"line":57,"column":4},"end":{"line":59,"column":5}}],"line":57},"9":{"loc":{"start":{"line":60,"column":4},"end":{"line":62,"column":5}},"type":"if","locations":[{"start":{"line":60,"column":4},"end":{"line":62,"column":5}},{"start":{"line":60,"column":4},"end":{"line":62,"column":5}}],"line":60},"10":{"loc":{"start":{"line":66,"column":4},"end":{"line":68,"column":5}},"type":"if","locations":[{"start":{"line":66,"column":4},"end":{"line":68,"column":5}},{"start":{"line":66,"column":4},"end":{"line":68,"column":5}}],"line":66},"11":{"loc":{"start":{"line":66,"column":8},"end":{"line":66,"column":45}},"type":"binary-expr","locations":[{"start":{"line":66,"column":8},"end":{"line":66,"column":25}},{"start":{"line":66,"column":29},"end":{"line":66,"column":45}}],"line":66},"12":{"loc":{"start":{"line":69,"column":4},"end":{"line":71,"column":5}},"type":"if","locations":[{"start":{"line":69,"column":4},"end":{"line":71,"column":5}},{"start":{"line":69,"column":4},"end":{"line":71,"column":5}}],"line":69},"13":{"loc":{"start":{"line":72,"column":4},"end":{"line":74,"column":5}},"type":"if","locations":[{"start":{"line":72,"column":4},"end":{"line":74,"column":5}},{"start":{"line":72,"column":4},"end":{"line":74,"column":5}}],"line":72},"14":{"loc":{"start":{"line":75,"column":4},"end":{"line":77,"column":5}},"type":"if","locations":[{"start":{"line":75,"column":4},"end":{"line":77,"column":5}},{"start":{"line":75,"column":4},"end":{"line":77,"column":5}}],"line":75},"15":{"loc":{"start":{"line":78,"column":4},"end":{"line":82,"column":5}},"type":"if","locations":[{"start":{"line":78,"column":4},"end":{"line":82,"column":5}},{"start":{"line":78,"column":4},"end":{"line":82,"column":5}}],"line":78}},"s":{"0":1,"1":1,"2":1,"3":1,"4":24,"5":24,"6":24,"7":24,"8":24,"9":1,"10":23,"11":1,"12":6,"13":0,"14":6,"15":6,"16":6,"17":1,"18":5,"19":0,"20":5,"21":1,"22":4,"23":5,"24":4,"25":1,"26":6,"27":3,"28":3,"29":3,"30":1,"31":3,"32":1,"33":6,"34":1,"35":5,"36":5,"37":0,"38":5,"39":0,"40":1,"41":10,"42":2,"43":8,"44":2,"45":6,"46":2,"47":4,"48":1,"49":3,"50":1,"51":2,"52":1},"f":{"0":24,"1":23,"2":6,"3":5,"4":6,"5":6,"6":10},"b":{"0":[23,22,21,20],"1":[0,6],"2":[0,5],"3":[1,4],"4":[4,1],"5":[3,3],"6":[1,2],"7":[1,5],"8":[0,5],"9":[0,5],"10":[2,8],"11":[10,4],"12":[2,6],"13":[2,4],"14":[1,3],"15":[1,2]},"_coverageSchema":"43e27e138ebf9cfc5966b082cf9a028302ed4184","hash":"27583cf638513304628e6e4de5542cb4e0dd4344"}
}
