TN:
SF:/Users/samueljmillward/Documents/GitHub/Reptile/src/reptile.js
FN:6,Reptile
FN:14,(anonymous_1)
FN:18,(anonymous_2)
FN:27,(anonymous_3)
FN:41,(anonymous_4)
FN:52,(anonymous_5)
FN:65,(anonymous_6)
FNF:7
FNH:7
FNDA:24,Reptile
FNDA:23,(anonymous_1)
FNDA:6,(anonymous_2)
FNDA:5,(anonymous_3)
FNDA:6,(anonymous_4)
FNDA:6,(anonymous_5)
FNDA:10,(anonymous_6)
DA:1,1
DA:2,1
DA:3,1
DA:4,1
DA:7,24
DA:8,24
DA:9,24
DA:10,24
DA:11,24
DA:14,1
DA:15,23
DA:18,1
DA:19,6
DA:20,0
DA:22,6
DA:23,6
DA:24,6
DA:27,1
DA:28,5
DA:29,0
DA:31,5
DA:32,1
DA:34,4
DA:36,5
DA:37,4
DA:41,1
DA:42,6
DA:43,3
DA:45,3
DA:46,3
DA:47,1
DA:49,3
DA:52,1
DA:53,6
DA:54,1
DA:56,5
DA:57,5
DA:58,0
DA:60,5
DA:61,0
DA:65,1
DA:66,10
DA:67,2
DA:69,8
DA:70,2
DA:72,6
DA:73,2
DA:75,4
DA:76,1
DA:78,3
DA:79,1
DA:81,2
DA:85,1
LF:53
LH:49
BRDA:15,0,0,23
BRDA:15,0,1,22
BRDA:15,0,2,21
BRDA:15,0,3,20
BRDA:19,1,0,0
BRDA:19,1,1,6
BRDA:28,2,0,0
BRDA:28,2,1,5
BRDA:31,3,0,1
BRDA:31,3,1,4
BRDA:36,4,0,4
BRDA:36,4,1,1
BRDA:42,5,0,3
BRDA:42,5,1,3
BRDA:46,6,0,1
BRDA:46,6,1,2
BRDA:53,7,0,1
BRDA:53,7,1,5
BRDA:57,8,0,0
BRDA:57,8,1,5
BRDA:60,9,0,0
BRDA:60,9,1,5
BRDA:66,10,0,2
BRDA:66,10,1,8
BRDA:66,11,0,10
BRDA:66,11,1,4
BRDA:69,12,0,2
BRDA:69,12,1,6
BRDA:72,13,0,2
BRDA:72,13,1,4
BRDA:75,14,0,1
BRDA:75,14,1,3
BRDA:78,15,0,1
BRDA:78,15,1,2
BRF:34
BRH:30
end_of_record
